Flow report for led_error_detct
Mon Jan 11 15:45:44 2016
Quartus II 64-Bit Version 11.0 Build 208 07/03/2011 Service Pack 1 SJ Full Version


---------------------
; Table of Contents ;
---------------------
  1. Legal Notice
  2. Flow Summary
  3. Flow Settings
  4. Flow Non-Default Global Settings
  5. Flow Elapsed Time
  6. Flow OS Summary
  7. Flow Log



----------------
; Legal Notice ;
----------------
Copyright (C) 1991-2011 Altera Corporation
Your use of Altera Corporation's design tools, logic functions 
and other software and tools, and its AMPP partner logic 
functions, and any output files from any of the foregoing 
(including device programming or simulation files), and any 
associated documentation or information are expressly subject 
to the terms and conditions of the Altera Program License 
Subscription Agreement, Altera MegaCore Function License 
Agreement, or other applicable license agreement, including, 
without limitation, that your use is for the sole purpose of 
programming logic devices manufactured by Altera and sold by 
Altera or its authorized distributors.  Please refer to the 
applicable agreement for further details.



+-------------------------------------------------------------------------------------+
; Flow Summary                                                                        ;
+------------------------------------+------------------------------------------------+
; Flow Status                        ; Successful - Mon Jan 11 15:45:43 2016          ;
; Quartus II 64-Bit Version          ; 11.0 Build 208 07/03/2011 SP 1 SJ Full Version ;
; Revision Name                      ; led_error_detct                                ;
; Top-level Entity Name              ; top_module                                     ;
; Family                             ; Cyclone IV E                                   ;
; Device                             ; EP4CE6F17C8                                    ;
; Timing Models                      ; Final                                          ;
; Total logic elements               ; 67 / 6,272 ( 1 % )                             ;
;     Total combinational functions  ; 67 / 6,272 ( 1 % )                             ;
;     Dedicated logic registers      ; 27 / 6,272 ( < 1 % )                           ;
; Total registers                    ; 27                                             ;
; Total pins                         ; 6 / 180 ( 3 % )                                ;
; Total virtual pins                 ; 0                                              ;
; Total memory bits                  ; 0 / 276,480 ( 0 % )                            ;
; Embedded Multiplier 9-bit elements ; 0 / 30 ( 0 % )                                 ;
; Total PLLs                         ; 0 / 2 ( 0 % )                                  ;
+------------------------------------+------------------------------------------------+


+-----------------------------------------+
; Flow Settings                           ;
+-------------------+---------------------+
; Option            ; Setting             ;
+-------------------+---------------------+
; Start date & time ; 01/11/2016 15:45:38 ;
; Main task         ; Compilation         ;
; Revision Name     ; led_error_detct     ;
+-------------------+---------------------+


+--------------------------------------------------------------------------------------------------------------------------+
; Flow Non-Default Global Settings                                                                                         ;
+-------------------------------------+---------------------------------------+-----------------+-------------+------------+
; Assignment Name                     ; Value                                 ; Default Value   ; Entity Name ; Section Id ;
+-------------------------------------+---------------------------------------+-----------------+-------------+------------+
; COMPILER_SIGNATURE_ID               ; 345052807169.145254513808732          ; --              ; --          ; --         ;
; MAX_CORE_JUNCTION_TEMP              ; 85                                    ; --              ; --          ; --         ;
; MIN_CORE_JUNCTION_TEMP              ; 0                                     ; --              ; --          ; --         ;
; OUTPUT_IO_TIMING_FAR_END_VMEAS      ; Half Signal Swing                     ; --              ; --          ; --         ;
; OUTPUT_IO_TIMING_FAR_END_VMEAS      ; Half Signal Swing                     ; --              ; --          ; --         ;
; OUTPUT_IO_TIMING_NEAR_END_VMEAS     ; Half Vccio                            ; --              ; --          ; --         ;
; OUTPUT_IO_TIMING_NEAR_END_VMEAS     ; Half Vccio                            ; --              ; --          ; --         ;
; PARTITION_COLOR                     ; 16764057                              ; --              ; top_module  ; Top        ;
; PARTITION_FITTER_PRESERVATION_LEVEL ; PLACEMENT_AND_ROUTING                 ; --              ; top_module  ; Top        ;
; PARTITION_NETLIST_TYPE              ; SOURCE                                ; --              ; top_module  ; Top        ;
; POWER_BOARD_THERMAL_MODEL           ; None (CONSERVATIVE)                   ; --              ; --          ; --         ;
; POWER_PRESET_COOLING_SOLUTION       ; 23 MM HEAT SINK WITH 200 LFPM AIRFLOW ; --              ; --          ; --         ;
; TOP_LEVEL_ENTITY                    ; top_module                            ; led_error_detct ; --          ; --         ;
+-------------------------------------+---------------------------------------+-----------------+-------------+------------+


+-------------------------------------------------------------------------------------------------------------------------------+
; Flow Elapsed Time                                                                                                             ;
+---------------------------+--------------+-------------------------+---------------------+------------------------------------+
; Module Name               ; Elapsed Time ; Average Processors Used ; Peak Virtual Memory ; Total CPU Time (on all processors) ;
+---------------------------+--------------+-------------------------+---------------------+------------------------------------+
; Analysis & Synthesis      ; 00:00:00     ; 1.0                     ; 363 MB              ; 00:00:01                           ;
; Fitter                    ; 00:00:02     ; 1.0                     ; 523 MB              ; 00:00:02                           ;
; Assembler                 ; 00:00:01     ; 1.0                     ; 343 MB              ; 00:00:01                           ;
; TimeQuest Timing Analyzer ; 00:00:02     ; 1.0                     ; 410 MB              ; 00:00:02                           ;
; Total                     ; 00:00:05     ; --                      ; --                  ; 00:00:06                           ;
+---------------------------+--------------+-------------------------+---------------------+------------------------------------+


+----------------------------------------------------------------------------------------+
; Flow OS Summary                                                                        ;
+---------------------------+------------------+-----------+------------+----------------+
; Module Name               ; Machine Hostname ; OS Name   ; OS Version ; Processor type ;
+---------------------------+------------------+-----------+------------+----------------+
; Analysis & Synthesis      ; DESKTOP-LP87L22  ; Windows 7 ; 6.2        ; x86_64         ;
; Fitter                    ; DESKTOP-LP87L22  ; Windows 7 ; 6.2        ; x86_64         ;
; Assembler                 ; DESKTOP-LP87L22  ; Windows 7 ; 6.2        ; x86_64         ;
; TimeQuest Timing Analyzer ; DESKTOP-LP87L22  ; Windows 7 ; 6.2        ; x86_64         ;
+---------------------------+------------------+-----------+------------+----------------+


------------
; Flow Log ;
------------
quartus_map --read_settings_files=on --write_settings_files=off led_error_detct -c led_error_detct
quartus_fit --read_settings_files=off --write_settings_files=off led_error_detct -c led_error_detct
quartus_asm --read_settings_files=off --write_settings_files=off led_error_detct -c led_error_detct
quartus_sta led_error_detct -c led_error_detct



